This is pdfTeX, Version 3.14159265-2.6-1.40.15 (MiKTeX 2.9) (preloaded format=pdflatex 2015.2.21)  2 APR 2015 18:51
entering extended mode
**Explocal.tex
(Explocal.tex
LaTeX2e <2014/05/01>
Babel <3.9l> and hyphenation patterns for 68 languages loaded.
("C:\CODE\MiKTeX 2.9\tex\latex\base\book.cls"
Document Class: book 2014/09/29 v1.4h Standard LaTeX document class
("C:\CODE\MiKTeX 2.9\tex\latex\base\bk11.clo"
File: bk11.clo 2014/09/29 v1.4h Standard LaTeX file (size option)
)
\c@part=\count79
\c@chapter=\count80
\c@section=\count81
\c@subsection=\count82
\c@subsubsection=\count83
\c@paragraph=\count84
\c@subparagraph=\count85
\c@figure=\count86
\c@table=\count87
\abovecaptionskip=\skip41
\belowcaptionskip=\skip42
\bibindent=\dimen102
)
("C:\CODE\MiKTeX 2.9\tex\latex\babel\babel.sty"
Package: babel 2014/09/25 3.9l The Babel package

*************************************
* Local config file bblopts.cfg used
*
("C:\CODE\MiKTeX 2.9\tex\latex\00miktex\bblopts.cfg"
File: bblopts.cfg 2006/07/31 v1.0 MiKTeX 'babel' configuration
)
("C:\CODE\MiKTeX 2.9\tex\latex\babel-spanish\spanish.ldf"
Language: spanish.ldf 2014/04/24 v5.0n Spanish support from the babel system

("C:\CODE\MiKTeX 2.9\tex\latex\babel\babel.def"
File: babel.def 2014/09/25 3.9l Babel common definitions
\babel@savecnt=\count88
\U@D=\dimen103
)
\es@quottoks=\toks14
\es@quotdepth=\count89
Package babel Info: Making " an active character on input line 516.
Package babel Info: Making . an active character on input line 617.
Package babel Info: Making < an active character on input line 662.
Package babel Info: Making > an active character on input line 662.
))
("C:\CODE\MiKTeX 2.9\tex\latex\base\inputenc.sty"
Package: inputenc 2014/04/30 v1.2b Input encoding file
\inpenc@prehook=\toks15
\inpenc@posthook=\toks16

("C:\CODE\MiKTeX 2.9\tex\latex\base\latin1.def"
File: latin1.def 2014/04/30 v1.2b Input encoding file
))
("C:\CODE\MiKTeX 2.9\tex\latex\amsmath\amsmath.sty"
Package: amsmath 2013/01/14 v2.14 AMS math features
\@mathmargin=\skip43

For additional information on amsmath, use the `?' option.
("C:\CODE\MiKTeX 2.9\tex\latex\amsmath\amstext.sty"
Package: amstext 2000/06/29 v2.01

("C:\CODE\MiKTeX 2.9\tex\latex\amsmath\amsgen.sty"
File: amsgen.sty 1999/11/30 v2.0
\@emptytoks=\toks17
\ex@=\dimen104
))
("C:\CODE\MiKTeX 2.9\tex\latex\amsmath\amsbsy.sty"
Package: amsbsy 1999/11/29 v1.2d
\pmbraise@=\dimen105
)
("C:\CODE\MiKTeX 2.9\tex\latex\amsmath\amsopn.sty"
Package: amsopn 1999/12/14 v2.01 operator names
)
\inf@bad=\count90
LaTeX Info: Redefining \frac on input line 210.
\uproot@=\count91
\leftroot@=\count92
LaTeX Info: Redefining \overline on input line 306.
\classnum@=\count93
\DOTSCASE@=\count94
LaTeX Info: Redefining \ldots on input line 378.
LaTeX Info: Redefining \dots on input line 381.
LaTeX Info: Redefining \cdots on input line 466.
\Mathstrutbox@=\box26
\strutbox@=\box27
\big@size=\dimen106
LaTeX Font Info:    Redeclaring font encoding OML on input line 566.
LaTeX Font Info:    Redeclaring font encoding OMS on input line 567.
\macc@depth=\count95
\c@MaxMatrixCols=\count96
\dotsspace@=\muskip10
\c@parentequation=\count97
\dspbrk@lvl=\count98
\tag@help=\toks18
\row@=\count99
\column@=\count100
\maxfields@=\count101
\andhelp@=\toks19
\eqnshift@=\dimen107
\alignsep@=\dimen108
\tagshift@=\dimen109
\tagwidth@=\dimen110
\totwidth@=\dimen111
\lineht@=\dimen112
\@envbody=\toks20
\multlinegap=\skip44
\multlinetaggap=\skip45
\mathdisplay@stack=\toks21
LaTeX Info: Redefining \[ on input line 2665.
LaTeX Info: Redefining \] on input line 2666.
)
("C:\CODE\MiKTeX 2.9\tex\latex\tools\enumerate.sty"
Package: enumerate 2014/10/28 v3.00 enumerate extensions (DPC)
\@enLab=\toks22
)
("C:\CODE\MiKTeX 2.9\tex\latex\xcolor\xcolor.sty"
Package: xcolor 2007/01/21 v2.11 LaTeX color extensions (UK)

("C:\CODE\MiKTeX 2.9\tex\latex\00miktex\color.cfg"
File: color.cfg 2007/01/18 v1.5 color configuration of teTeX/TeXLive
)
Package xcolor Info: Driver file: pdftex.def on input line 225.

("C:\CODE\MiKTeX 2.9\tex\latex\pdftex-def\pdftex.def"
File: pdftex.def 2011/05/27 v0.06d Graphics/color for pdfTeX

("C:\CODE\MiKTeX 2.9\tex\generic\oberdiek\infwarerr.sty"
Package: infwarerr 2010/04/08 v1.3 Providing info/warning/error messages (HO)
)
("C:\CODE\MiKTeX 2.9\tex\generic\oberdiek\ltxcmds.sty"
Package: ltxcmds 2011/11/09 v1.22 LaTeX kernel commands for general use (HO)
)
\Gread@gobject=\count102
)
("C:\CODE\MiKTeX 2.9\tex\latex\colortbl\colortbl.sty"
Package: colortbl 2012/02/13 v1.0a Color table columns (DPC)

("C:\CODE\MiKTeX 2.9\tex\latex\tools\array.sty"
Package: array 2014/10/28 v2.4c Tabular extension package (FMi)
\col@sep=\dimen113
\extrarowheight=\dimen114
\NC@list=\toks23
\extratabsurround=\skip46
\backup@length=\skip47
)
\everycr=\toks24
\minrowclearance=\skip48
)
\rownum=\count103
Package xcolor Info: Model `cmy' substituted by `cmy0' on input line 1337.
Package xcolor Info: Model `hsb' substituted by `rgb' on input line 1341.
Package xcolor Info: Model `RGB' extended on input line 1353.
Package xcolor Info: Model `HTML' substituted by `rgb' on input line 1355.
Package xcolor Info: Model `Hsb' substituted by `hsb' on input line 1356.
Package xcolor Info: Model `tHsb' substituted by `hsb' on input line 1357.
Package xcolor Info: Model `HSB' substituted by `hsb' on input line 1358.
Package xcolor Info: Model `Gray' substituted by `gray' on input line 1359.
Package xcolor Info: Model `wave' substituted by `hsb' on input line 1360.
)
("C:\CODE\MiKTeX 2.9\tex\latex\import\import.sty"
Package: import 2009/03/23  v 5.1
)
("C:\CODE\MiKTeX 2.9\tex\latex\subfiles\subfiles.sty"
Package: subfiles 2012/05/23 Federico Garcia

("C:\CODE\MiKTeX 2.9\tex\latex\tools\verbatim.sty"
Package: verbatim 2014/10/28 v1.5q LaTeX2e package for verbatim enhancements
\every@verbatim=\toks25
\verbatim@line=\toks26
\verbatim@in@stream=\read1
))
("C:\CODE\MiKTeX 2.9\tex\latex\chngcntr\chngcntr.sty"
Package: chngcntr 2009/09/02 v1.0a change counter resetting
)
("C:\CODE\MiKTeX 2.9\tex\latex\standalone\standalone.sty"
Package: standalone 2012/09/15 v1.1b Package to include TeX sub-files with prea
mbles

("C:\CODE\MiKTeX 2.9\tex\generic\oberdiek\ifluatex.sty"
Package: ifluatex 2010/03/01 v1.3 Provides the ifluatex switch (HO)
Package ifluatex Info: LuaTeX not detected.
)
("C:\CODE\MiKTeX 2.9\tex\generic\oberdiek\ifpdf.sty"
Package: ifpdf 2011/01/30 v2.3 Provides the ifpdf switch (HO)
Package ifpdf Info: pdfTeX in PDF mode is detected.
)
("C:\CODE\MiKTeX 2.9\tex\generic\ifxetex\ifxetex.sty"
Package: ifxetex 2010/09/12 v0.6 Provides ifxetex conditional
)
("C:\CODE\MiKTeX 2.9\tex\latex\xkeyval\xkeyval.sty"
Package: xkeyval 2014/12/03 v2.7a package option processing (HA)

("C:\CODE\MiKTeX 2.9\tex\generic\xkeyval\xkeyval.tex"
("C:\CODE\MiKTeX 2.9\tex\generic\xkeyval\xkvutils.tex"
\XKV@toks=\toks27
\XKV@tempa@toks=\toks28

("C:\CODE\MiKTeX 2.9\tex\generic\xkeyval\keyval.tex"))
\XKV@depth=\count104
File: xkeyval.tex 2014/12/03 v2.7a key=value parser (HA)
))
("C:\CODE\MiKTeX 2.9\tex\latex\currfile\currfile.sty"
Package: currfile 2013/02/01 v0.7b Provides the file path elements of the curre
nt input file

("C:\CODE\MiKTeX 2.9\tex\latex\oberdiek\kvoptions.sty"
Package: kvoptions 2011/06/30 v3.11 Key value format for package options (HO)

("C:\CODE\MiKTeX 2.9\tex\generic\oberdiek\kvsetkeys.sty"
Package: kvsetkeys 2012/04/25 v1.16 Key value parser (HO)

("C:\CODE\MiKTeX 2.9\tex\generic\oberdiek\etexcmds.sty"
Package: etexcmds 2011/02/16 v1.5 Avoid name clashes with e-TeX commands (HO)
Package etexcmds Info: Could not find \expanded.
(etexcmds)             That can mean that you are not using pdfTeX 1.50 or
(etexcmds)             that some package has redefined \expanded.
(etexcmds)             In the latter case, load this package earlier.
)))
("C:\CODE\MiKTeX 2.9\tex\latex\filehook\filehook.sty"
Package: filehook 2011/10/12 v0.5d Hooks for input files
)
\c@currfiledepth=\count105
)
("C:\CODE\MiKTeX 2.9\tex\latex\gincltex\gincltex.sty"
("C:\CODE\MiKTeX 2.9\tex\latex\svn-prov\svn-prov.sty"
Package: svn-prov 2010/04/24 v3.1862 Package Date/Version from SVN Keywords
)
Package: gincltex 2011/09/04 v0.3 Include external LaTeX files like graphics

("C:\CODE\MiKTeX 2.9\tex\latex\adjustbox\adjustbox.sty"
Package: adjustbox 2012/05/21 v1.0 Adjusting TeX boxes (trim, clip, ...)

("C:\CODE\MiKTeX 2.9\tex\latex\adjustbox\adjcalc.sty"
Package: adjcalc 2012/05/16 v1.1 Provides advanced setlength with multiple back
-ends (calc, etex, pgfmath)
)
("C:\CODE\MiKTeX 2.9\tex\latex\adjustbox\trimclip.sty"
Package: trimclip 2012/05/16 v1.0 Trim and clip general TeX material

("C:\CODE\MiKTeX 2.9\tex\latex\graphics\graphicx.sty"
Package: graphicx 2014/10/28 v1.0g Enhanced LaTeX Graphics (DPC,SPQR)

("C:\CODE\MiKTeX 2.9\tex\latex\graphics\graphics.sty"
Package: graphics 2014/10/28 v1.0p Standard LaTeX Graphics (DPC,SPQR)

("C:\CODE\MiKTeX 2.9\tex\latex\graphics\trig.sty"
Package: trig 1999/03/16 v1.09 sin cos tan (DPC)
)
("C:\CODE\MiKTeX 2.9\tex\latex\00miktex\graphics.cfg"
File: graphics.cfg 2007/01/18 v1.5 graphics configuration of teTeX/TeXLive
)
Package graphics Info: Driver file: pdftex.def on input line 91.
)
\Gin@req@height=\dimen115
\Gin@req@width=\dimen116
)
("C:\CODE\MiKTeX 2.9\tex\latex\collectbox\collectbox.sty"
Package: collectbox 2012/05/17 v0.4b Collect macro arguments as boxes
\collectedbox=\box28
)
\tc@llx=\dimen117
\tc@lly=\dimen118
\tc@urx=\dimen119
\tc@ury=\dimen120
Package trimclip Info: Using driver 'tc-pdftex.def'.

("C:\CODE\MiKTeX 2.9\tex\latex\adjustbox\tc-pdftex.def"
File: tc-pdftex.def 2012/05/13 v1.0 Clipping driver for pdftex
))
\adjbox@Width=\dimen121
\adjbox@Height=\dimen122
\adjbox@Depth=\dimen123
\adjbox@Totalheight=\dimen124

("C:\CODE\MiKTeX 2.9\tex\latex\ifoddpage\ifoddpage.sty"
Package: ifoddpage 2011/09/13 v1.0 Conditionals for odd/even page detection
\c@checkoddpage=\count106
)
("C:\CODE\MiKTeX 2.9\tex\latex\ltxmisc\varwidth.sty"
Package: varwidth 2009/03/30 ver 0.92;  Variable-width minipages
\@vwid@box=\box29
\sift@deathcycles=\count107
\@vwid@loff=\dimen125
\@vwid@roff=\dimen126
))
\gincltex@box=\box30
)
("C:\CODE\MiKTeX 2.9\tex\latex\filemod\filemod-expmin.sty"
Package: filemod-expmin 2011/09/19 v1.2 Get and compare file modification times
 (expandable; minimal)
)) (Explocal.aux
LaTeX Info: Redefining \. on input line 7.
LaTeX Info: Redefining \% on input line 7.
)
LaTeX Font Info:    Checking defaults for OML/cmm/m/it on input line 42.
LaTeX Font Info:    ... okay on input line 42.
LaTeX Font Info:    Checking defaults for T1/cmr/m/n on input line 42.
LaTeX Font Info:    ... okay on input line 42.
LaTeX Font Info:    Checking defaults for OT1/cmr/m/n on input line 42.
LaTeX Font Info:    ... okay on input line 42.
LaTeX Font Info:    Checking defaults for OMS/cmsy/m/n on input line 42.
LaTeX Font Info:    ... okay on input line 42.
LaTeX Font Info:    Checking defaults for OMX/cmex/m/n on input line 42.
LaTeX Font Info:    ... okay on input line 42.
LaTeX Font Info:    Checking defaults for U/cmr/m/n on input line 42.
LaTeX Font Info:    ... okay on input line 42.
LaTeX Info: Redefining \. on input line 42.
LaTeX Info: Redefining \% on input line 42.

("C:\CODE\MiKTeX 2.9\tex\context\base\supp-pdf.mkii"
[Loading MPS to PDF converter (version 2006.09.02).]
\scratchcounter=\count108
\scratchdimen=\dimen127
\scratchbox=\box31
\nofMPsegments=\count109
\nofMParguments=\count110
\everyMPshowfont=\toks29
\MPscratchCnt=\count111
\MPscratchDim=\dimen128
\MPnumerator=\count112
\makeMPintoPDFobject=\count113
\everyMPtoPDFconversion=\toks30
) [1



{C:/Documents and Settings/All Users/Datos de programa/MiKTeX/2.9/pdftex/config
/pdftex.map}] [2

] (Explocal.toc
LaTeX Info: Redefining \. on input line 1.
LaTeX Info: Redefining \% on input line 1.
 [3])
\tf@toc=\write3
LaTeX Info: Redefining \. on input line 46.
LaTeX Info: Redefining \% on input line 46.
 [4] [1


] [2] (Explocal_01.tex
Cap\'{\i }tulo 1.
[3

]
LaTeX Info: Redefining \. on input line 24.
LaTeX Info: Redefining \% on input line 24.
 [4

]
Cap\'{\i }tulo 2.

Underfull \vbox (badness 10000) has occurred while \output is active []

 [5])
LaTeX Info: Redefining \. on input line 51.
LaTeX Info: Redefining \% on input line 51.

[6] [7

] [8] (Explocal_02.tex
Cap\'{\i }tulo 3.

Underfull \vbox (badness 10000) has occurred while \output is active []

 [9

]
LaTeX Info: Redefining \. on input line 54.
LaTeX Info: Redefining \% on input line 54.

[10]
LaTeX Info: Redefining \. on input line 73.
LaTeX Info: Redefining \% on input line 73.

Overfull \hbox (206.50859pt too wide) has occurred while \output is active
\OT1/cmr/m/sl/10.95 3.2.  CARACTER[]I-STICAS Y LIMITACIONES DE LA APLICACI[]ON 
INFORM[]ATICA COMERCIAL EXPLOCAL. \OT1/cmr/m/n/10.95 11
 []

[11]
LaTeX Info: Redefining \. on input line 91.
LaTeX Info: Redefining \% on input line 91.
 [12]
Cap\'{\i }tulo 4.
[13

]
LaTeX Info: Redefining \. on input line 121.
LaTeX Info: Redefining \% on input line 121.

Overfull \hbox (8.04211pt too wide) has occurred while \output is active
\OT1/cmr/m/n/10.95 14 \OT1/cmr/m/sl/10.95 CAP[]ITULO 4.  INTRODUCCI[]ON A LA TE
OR[]IA DE LA DETONACI[]ON.
 []

[14]
LaTeX Info: Redefining \. on input line 160.
LaTeX Info: Redefining \% on input line 160.
 [15]
LaTeX Info: Redefining \. on input line 192.
LaTeX Info: Redefining \% on input line 192.

Overfull \hbox (8.04211pt too wide) has occurred while \output is active
\OT1/cmr/m/n/10.95 16 \OT1/cmr/m/sl/10.95 CAP[]ITULO 4.  INTRODUCCI[]ON A LA TE
OR[]IA DE LA DETONACI[]ON.
 []

[16]
LaTeX Info: Redefining \. on input line 230.
LaTeX Info: Redefining \% on input line 230.
 [17]
LaTeX Info: Redefining \. on input line 255.
LaTeX Info: Redefining \% on input line 255.

Overfull \hbox (8.04211pt too wide) has occurred while \output is active
\OT1/cmr/m/n/10.95 18 \OT1/cmr/m/sl/10.95 CAP[]ITULO 4.  INTRODUCCI[]ON A LA TE
OR[]IA DE LA DETONACI[]ON.
 []

[18]
LaTeX Info: Redefining \. on input line 288.
LaTeX Info: Redefining \% on input line 288.
 [19]
LaTeX Info: Redefining \. on input line 288.
LaTeX Info: Redefining \% on input line 288.

Overfull \hbox (8.04211pt too wide) has occurred while \output is active
\OT1/cmr/m/n/10.95 20 \OT1/cmr/m/sl/10.95 CAP[]ITULO 4.  INTRODUCCI[]ON A LA TE
OR[]IA DE LA DETONACI[]ON.
 []

[20

]
Cap\'{\i }tulo 5.
[21]
LaTeX Info: Redefining \. on input line 334.
LaTeX Info: Redefining \% on input line 334.

Overfull \hbox (41.95801pt too wide) has occurred while \output is active
\OT1/cmr/m/n/10.95 22 \OT1/cmr/m/sl/10.95 CAP[]ITULO 5.  DESCRIPCI[]ON DEL M[]E
TODO DE C[]ALCULO SIMPLIFICADO
 []

[22]
LaTeX Info: Redefining \. on input line 371.
LaTeX Info: Redefining \% on input line 371.
 [23]
LaTeX Info: Redefining \. on input line 402.
LaTeX Info: Redefining \% on input line 402.

Overfull \hbox (41.95801pt too wide) has occurred while \output is active
\OT1/cmr/m/n/10.95 24 \OT1/cmr/m/sl/10.95 CAP[]ITULO 5.  DESCRIPCI[]ON DEL M[]E
TODO DE C[]ALCULO SIMPLIFICADO
 []

[24] (tablas/Explocal_TB31.tex
Overfull \hbox (13.41588pt too wide) in paragraph at lines 8--53
[][] 
 []


LaTeX Warning: `h' float specifier changed to `ht'.

)
LaTeX Info: Redefining \. on input line 433.
LaTeX Info: Redefining \% on input line 433.
 [25])
LaTeX Info: Redefining \. on input line 54.
LaTeX Info: Redefining \% on input line 54.

Overfull \hbox (41.95801pt too wide) has occurred while \output is active
\OT1/cmr/m/n/10.95 26 \OT1/cmr/m/sl/10.95 CAP[]ITULO 5.  DESCRIPCI[]ON DEL M[]E
TODO DE C[]ALCULO SIMPLIFICADO
 []

[26]
LaTeX Info: Redefining \. on input line 54.
LaTeX Info: Redefining \% on input line 54.
 [27]
LaTeX Info: Redefining \. on input line 54.
LaTeX Info: Redefining \% on input line 54.

Overfull \hbox (41.95801pt too wide) has occurred while \output is active
\OT1/cmr/m/n/10.95 28 \OT1/cmr/m/sl/10.95 CAP[]ITULO 5.  DESCRIPCI[]ON DEL M[]E
TODO DE C[]ALCULO SIMPLIFICADO
 []

[28

] [29] [30] (Explocal_03.tex
Cap\'{\i }tulo 6.
[31

]
LaTeX Info: Redefining \. on input line 31.
LaTeX Info: Redefining \% on input line 31.
 [32

]
Cap\'{\i }tulo 7.
[33]

LaTeX Warning: Command \textonequarter invalid in math mode on input line 71.


Overfull \hbox (48.34904pt too wide) in paragraph at lines 61--76
[][] 
 []

)
LaTeX Info: Redefining \. on input line 62.
LaTeX Info: Redefining \% on input line 62.
 [34] (Explocal.bbl) [35

] (Explocal.aux
LaTeX Info: Redefining \. on input line 7.
LaTeX Info: Redefining \% on input line 7.
) ) 
Here is how much of TeX's memory you used:
 4660 strings out of 493698
 63384 string characters out of 3147989
 159701 words of memory out of 3000000
 7857 multiletter control sequences out of 15000+200000
 13453 words of font info for 48 fonts, out of 3000000 for 9000
 1025 hyphenation exceptions out of 8191
 66i,11n,37p,513b,441s stack positions out of 5000i,500n,10000p,200000b,50000s
<C:/CODE/MiKTeX 2.9/fonts/type1/public/amsfonts/cm/cmbx10.pfb><C:/CODE/MiKTe
X 2.9/fonts/type1/public/amsfonts/cm/cmbx12.pfb><C:/CODE/MiKTeX 2.9/fonts/type1
/public/amsfonts/cm/cmcsc10.pfb><C:/CODE/MiKTeX 2.9/fonts/type1/public/amsfonts
/cm/cmex10.pfb><C:/CODE/MiKTeX 2.9/fonts/type1/public/amsfonts/cm/cmmi10.pfb><C
:/CODE/MiKTeX 2.9/fonts/type1/public/amsfonts/cm/cmmi6.pfb><C:/CODE/MiKTeX 2.9/
fonts/type1/public/amsfonts/cm/cmmi8.pfb><C:/CODE/MiKTeX 2.9/fonts/type1/public
/amsfonts/cm/cmmi9.pfb><C:/CODE/MiKTeX 2.9/fonts/type1/public/amsfonts/cm/cmr10
.pfb><C:/CODE/MiKTeX 2.9/fonts/type1/public/amsfonts/cm/cmr12.pfb><C:/CODE/MiKT
eX 2.9/fonts/type1/public/amsfonts/cm/cmr17.pfb><C:/CODE/MiKTeX 2.9/fonts/type1
/public/amsfonts/cm/cmr6.pfb><C:/CODE/MiKTeX 2.9/fonts/type1/public/amsfonts/cm
/cmr8.pfb><C:/CODE/MiKTeX 2.9/fonts/type1/public/amsfonts/cm/cmr9.pfb><C:/CODE/
MiKTeX 2.9/fonts/type1/public/amsfonts/cm/cmsl10.pfb><C:/CODE/MiKTeX 2.9/fonts/
type1/public/amsfonts/cm/cmsy10.pfb><C:/CODE/MiKTeX 2.9/fonts/type1/public/amsf
onts/cm/cmti10.pfb><C:/CODE/MiKTeX 2.9/fonts/type1/public/amsfonts/cm/cmtt10.pf
b>
Output written on Explocal.pdf (39 pages, 299857 bytes).
PDF statistics:
 201 PDF objects out of 1000 (max. 8388607)
 0 named destinations out of 1000 (max. 500000)
 1 words of extra memory for PDF output out of 10000 (max. 10000000)

